0 info it worked if it ends with ok
1 verbose cli [ '/Users/duane/.nvm/v0.10.32/bin/node',
1 verbose cli   '/Users/duane/.nvm/v0.10.32/bin/npm',
1 verbose cli   'install' ]
2 info using npm@1.4.28
3 info using node@v0.10.32
4 warn package.json ui-stats@0.0.0 No repository field.
5 verbose readDependencies using package.json deps
6 verbose install where, deps [ '/Users/duane/Development/ui-stats',
6 verbose install   [ 'browser-request',
6 verbose install     'least-squares',
6 verbose install     'lodash',
6 verbose install     'moment',
6 verbose install     'numeral',
6 verbose install     'polymer',
6 verbose install     'polymer-serve',
6 verbose install     'ui-styles' ] ]
7 info preinstall ui-stats@0.0.0
8 warn package.json least-squares@0.0.2 homepage field must be a string url. Deleted.
9 verbose readDependencies using package.json deps
10 verbose already installed skipping moment@^2.10.2 /Users/duane/Development/ui-stats
11 verbose already installed skipping numeral@^1.5.3 /Users/duane/Development/ui-stats
12 verbose cache add [ 'polymer@git://github.com/custom-elements/polymer#master',
12 verbose cache add   null ]
13 verbose cache add name=undefined spec="polymer@git://github.com/custom-elements/polymer#master" args=["polymer@git://github.com/custom-elements/polymer#master",null]
14 verbose parsed url { protocol: null,
14 verbose parsed url   slashes: null,
14 verbose parsed url   auth: null,
14 verbose parsed url   host: null,
14 verbose parsed url   port: null,
14 verbose parsed url   hostname: null,
14 verbose parsed url   hash: '#master',
14 verbose parsed url   search: null,
14 verbose parsed url   query: null,
14 verbose parsed url   pathname: 'polymer@git://github.com/custom-elements/polymer',
14 verbose parsed url   path: 'polymer@git://github.com/custom-elements/polymer',
14 verbose parsed url   href: 'polymer@git://github.com/custom-elements/polymer#master' }
15 verbose cache add [ 'polymer-serve@^0.0.37', null ]
16 verbose cache add name=undefined spec="polymer-serve@^0.0.37" args=["polymer-serve@^0.0.37",null]
17 verbose parsed url { protocol: null,
17 verbose parsed url   slashes: null,
17 verbose parsed url   auth: null,
17 verbose parsed url   host: null,
17 verbose parsed url   port: null,
17 verbose parsed url   hostname: null,
17 verbose parsed url   hash: null,
17 verbose parsed url   search: null,
17 verbose parsed url   query: null,
17 verbose parsed url   pathname: 'polymer-serve@^0.0.37',
17 verbose parsed url   path: 'polymer-serve@^0.0.37',
17 verbose parsed url   href: 'polymer-serve@^0.0.37' }
18 verbose cache add [ 'ui-styles@git://github.com/custom-elements/ui-styles#master',
18 verbose cache add   null ]
19 verbose cache add name=undefined spec="ui-styles@git://github.com/custom-elements/ui-styles#master" args=["ui-styles@git://github.com/custom-elements/ui-styles#master",null]
20 verbose parsed url { protocol: null,
20 verbose parsed url   slashes: null,
20 verbose parsed url   auth: null,
20 verbose parsed url   host: null,
20 verbose parsed url   port: null,
20 verbose parsed url   hostname: null,
20 verbose parsed url   hash: '#master',
20 verbose parsed url   search: null,
20 verbose parsed url   query: null,
20 verbose parsed url   pathname: 'ui-styles@git://github.com/custom-elements/ui-styles',
20 verbose parsed url   path: 'ui-styles@git://github.com/custom-elements/ui-styles',
20 verbose parsed url   href: 'ui-styles@git://github.com/custom-elements/ui-styles#master' }
21 verbose cache add name="polymer" spec="git://github.com/custom-elements/polymer#master" args=["polymer","git://github.com/custom-elements/polymer#master"]
22 verbose parsed url { protocol: 'git:',
22 verbose parsed url   slashes: true,
22 verbose parsed url   auth: null,
22 verbose parsed url   host: 'github.com',
22 verbose parsed url   port: null,
22 verbose parsed url   hostname: 'github.com',
22 verbose parsed url   hash: '#master',
22 verbose parsed url   search: null,
22 verbose parsed url   query: null,
22 verbose parsed url   pathname: '/custom-elements/polymer',
22 verbose parsed url   path: '/custom-elements/polymer',
22 verbose parsed url   href: 'git://github.com/custom-elements/polymer#master' }
23 verbose cache add name="polymer-serve" spec="^0.0.37" args=["polymer-serve","^0.0.37"]
24 verbose parsed url { protocol: null,
24 verbose parsed url   slashes: null,
24 verbose parsed url   auth: null,
24 verbose parsed url   host: null,
24 verbose parsed url   port: null,
24 verbose parsed url   hostname: null,
24 verbose parsed url   hash: null,
24 verbose parsed url   search: null,
24 verbose parsed url   query: null,
24 verbose parsed url   pathname: '^0.0.37',
24 verbose parsed url   path: '^0.0.37',
24 verbose parsed url   href: '^0.0.37' }
25 verbose addNamed [ 'polymer-serve', '^0.0.37' ]
26 verbose addNamed [ null, '=0.0.37' ]
27 verbose cache add name="ui-styles" spec="git://github.com/custom-elements/ui-styles#master" args=["ui-styles","git://github.com/custom-elements/ui-styles#master"]
28 verbose parsed url { protocol: 'git:',
28 verbose parsed url   slashes: true,
28 verbose parsed url   auth: null,
28 verbose parsed url   host: 'github.com',
28 verbose parsed url   port: null,
28 verbose parsed url   hostname: 'github.com',
28 verbose parsed url   hash: '#master',
28 verbose parsed url   search: null,
28 verbose parsed url   query: null,
28 verbose parsed url   pathname: '/custom-elements/ui-styles',
28 verbose parsed url   path: '/custom-elements/ui-styles',
28 verbose parsed url   href: 'git://github.com/custom-elements/ui-styles#master' }
29 silly lockFile 7db8806a-thub-com-custom-elements-polymer git://github.com/custom-elements/polymer
30 verbose lock git://github.com/custom-elements/polymer /Users/duane/.npm/7db8806a-thub-com-custom-elements-polymer.lock
31 silly lockFile 5a19592c-polymer-serve-0-0-37 polymer-serve@^0.0.37
32 verbose lock polymer-serve@^0.0.37 /Users/duane/.npm/5a19592c-polymer-serve-0-0-37.lock
33 silly lockFile 5fb058df-ub-com-custom-elements-ui-styles git://github.com/custom-elements/ui-styles
34 verbose lock git://github.com/custom-elements/ui-styles /Users/duane/.npm/5fb058df-ub-com-custom-elements-ui-styles.lock
35 verbose already installed skipping browser-request@^0.3.3 /Users/duane/Development/ui-stats
36 verbose addRemoteGit [ 'git://github.com/custom-elements/polymer', 'master' ]
37 verbose already installed skipping least-squares@0.0.2 /Users/duane/Development/ui-stats
38 silly addNameRange { name: 'polymer-serve', range: '=0.0.37', hasData: false }
39 verbose addRemoteGit [ 'git://github.com/custom-elements/ui-styles', 'master' ]
40 verbose already installed skipping lodash@^3.6.0 /Users/duane/Development/ui-stats
41 verbose request where is /polymer-serve
42 verbose request registry https://registry.npmjs.org/
43 verbose request id a5a212900dc19e73
44 verbose url raw /polymer-serve
45 verbose url resolving [ 'https://registry.npmjs.org/', './polymer-serve' ]
46 verbose url resolved https://registry.npmjs.org/polymer-serve
47 verbose request where is https://registry.npmjs.org/polymer-serve
48 info trying registry request attempt 1 at 16:27:33
49 verbose etag "C4QSY7R3Y53TZFA4NRF3VJJVU"
50 http GET https://registry.npmjs.org/polymer-serve
51 verbose git remote.origin.url git://github.com/custom-elements/polymer
52 verbose git remote.origin.url git://github.com/custom-elements/ui-styles
53 verbose git fetch -a origin (git://github.com/custom-elements/polymer)
54 verbose git fetch -a origin (git://github.com/custom-elements/ui-styles)
55 verbose git rev-list -n1 master c98b0fe656d41333af3a93e6dabbb846e76fbfdd
56 verbose resolved git url git://github.com/custom-elements/polymer#c98b0fe656d41333af3a93e6dabbb846e76fbfdd
57 verbose git rev-list -n1 master 5ff77d1201e9b28791b86775ee4ef2995d2077fb
58 verbose resolved git url git://github.com/custom-elements/ui-styles#5ff77d1201e9b28791b86775ee4ef2995d2077fb
59 verbose tar unpack /var/folders/3r/_81yrnsn67s_hbbcpsqnkckw0000gn/T/npm-4131-m7z65jlF/1439328453334-0.4670796797145158/tmp.tgz
60 silly lockFile d920f3f6--4670796797145158-tmp-tgz-unpack tar:///var/folders/3r/_81yrnsn67s_hbbcpsqnkckw0000gn/T/npm-4131-m7z65jlF/1439328453334-0.4670796797145158/tmp.tgz-unpack
61 verbose lock tar:///var/folders/3r/_81yrnsn67s_hbbcpsqnkckw0000gn/T/npm-4131-m7z65jlF/1439328453334-0.4670796797145158/tmp.tgz-unpack /Users/duane/.npm/d920f3f6--4670796797145158-tmp-tgz-unpack.lock
62 silly lockFile 047a6845-53334-0-4670796797145158-tmp-tgz tar:///var/folders/3r/_81yrnsn67s_hbbcpsqnkckw0000gn/T/npm-4131-m7z65jlF/1439328453334-0.4670796797145158/tmp.tgz
63 verbose lock tar:///var/folders/3r/_81yrnsn67s_hbbcpsqnkckw0000gn/T/npm-4131-m7z65jlF/1439328453334-0.4670796797145158/tmp.tgz /Users/duane/.npm/047a6845-53334-0-4670796797145158-tmp-tgz.lock
64 silly gunzTarPerm modes [ '755', '644' ]
65 silly gunzTarPerm extractEntry
66 silly gunzTarPerm modified mode [ '', 509, 493 ]
67 silly gunzTarPerm extractEntry .gitignore
68 silly gunzTarPerm modified mode [ '.gitignore', 436, 420 ]
69 silly gunzTarPerm extractEntry README.md
70 silly gunzTarPerm modified mode [ 'README.md', 436, 420 ]
71 silly gunzTarPerm extractEntry animations.js
72 silly gunzTarPerm modified mode [ 'animations.js', 436, 420 ]
73 silly gunzTarPerm extractEntry borders.less
74 silly gunzTarPerm modified mode [ 'borders.less', 436, 420 ]
75 silly gunzTarPerm extractEntry code-typography.less
76 silly gunzTarPerm modified mode [ 'code-typography.less', 436, 420 ]
77 silly gunzTarPerm extractEntry colors.less
78 silly gunzTarPerm modified mode [ 'colors.less', 436, 420 ]
79 silly gunzTarPerm extractEntry demo.html
80 silly gunzTarPerm modified mode [ 'demo.html', 436, 420 ]
81 silly gunzTarPerm extractEntry demo.less
82 silly gunzTarPerm modified mode [ 'demo.less', 436, 420 ]
83 silly gunzTarPerm extractEntry flags.less
84 silly gunzTarPerm modified mode [ 'flags.less', 436, 420 ]
85 silly gunzTarPerm extractEntry inverted.less
86 silly gunzTarPerm modified mode [ 'inverted.less', 436, 420 ]
87 silly gunzTarPerm extractEntry keyframes.less
88 silly gunzTarPerm modified mode [ 'keyframes.less', 436, 420 ]
89 silly gunzTarPerm extractEntry lists-typography.less
90 silly gunzTarPerm modified mode [ 'lists-typography.less', 436, 420 ]
91 silly gunzTarPerm extractEntry normalize.less
92 silly gunzTarPerm modified mode [ 'normalize.less', 436, 420 ]
93 silly gunzTarPerm extractEntry package.json
94 silly gunzTarPerm modified mode [ 'package.json', 436, 420 ]
95 silly gunzTarPerm extractEntry polyfill.js
96 silly gunzTarPerm modified mode [ 'polyfill.js', 436, 420 ]
97 silly gunzTarPerm extractEntry tables.less
98 silly gunzTarPerm modified mode [ 'tables.less', 436, 420 ]
99 silly gunzTarPerm extractEntry typography.less
100 silly gunzTarPerm modified mode [ 'typography.less', 436, 420 ]
101 silly gunzTarPerm extractEntry ui-styles.html
102 silly gunzTarPerm modified mode [ 'ui-styles.html', 436, 420 ]
103 silly gunzTarPerm extractEntry ui-styles.less
104 silly gunzTarPerm modified mode [ 'ui-styles.less', 436, 420 ]
105 silly gunzTarPerm extractEntry variables.less
106 silly gunzTarPerm modified mode [ 'variables.less', 436, 420 ]
107 silly gunzTarPerm extractEntry visual-elements.less
108 silly gunzTarPerm modified mode [ 'visual-elements.less', 436, 420 ]
109 silly lockFile d920f3f6--4670796797145158-tmp-tgz-unpack tar:///var/folders/3r/_81yrnsn67s_hbbcpsqnkckw0000gn/T/npm-4131-m7z65jlF/1439328453334-0.4670796797145158/tmp.tgz-unpack
110 silly lockFile d920f3f6--4670796797145158-tmp-tgz-unpack tar:///var/folders/3r/_81yrnsn67s_hbbcpsqnkckw0000gn/T/npm-4131-m7z65jlF/1439328453334-0.4670796797145158/tmp.tgz-unpack
111 silly lockFile 047a6845-53334-0-4670796797145158-tmp-tgz tar:///var/folders/3r/_81yrnsn67s_hbbcpsqnkckw0000gn/T/npm-4131-m7z65jlF/1439328453334-0.4670796797145158/tmp.tgz
112 silly lockFile 047a6845-53334-0-4670796797145158-tmp-tgz tar:///var/folders/3r/_81yrnsn67s_hbbcpsqnkckw0000gn/T/npm-4131-m7z65jlF/1439328453334-0.4670796797145158/tmp.tgz
113 silly lockFile 5fb058df-ub-com-custom-elements-ui-styles git://github.com/custom-elements/ui-styles
114 silly lockFile 5fb058df-ub-com-custom-elements-ui-styles git://github.com/custom-elements/ui-styles
115 verbose tar unpack /var/folders/3r/_81yrnsn67s_hbbcpsqnkckw0000gn/T/npm-4131-m7z65jlF/1439328453333-0.6449940442107618/tmp.tgz
116 silly lockFile 95ff5ca1--6449940442107618-tmp-tgz-unpack tar:///var/folders/3r/_81yrnsn67s_hbbcpsqnkckw0000gn/T/npm-4131-m7z65jlF/1439328453333-0.6449940442107618/tmp.tgz-unpack
117 verbose lock tar:///var/folders/3r/_81yrnsn67s_hbbcpsqnkckw0000gn/T/npm-4131-m7z65jlF/1439328453333-0.6449940442107618/tmp.tgz-unpack /Users/duane/.npm/95ff5ca1--6449940442107618-tmp-tgz-unpack.lock
118 silly lockFile d64ce65e-53333-0-6449940442107618-tmp-tgz tar:///var/folders/3r/_81yrnsn67s_hbbcpsqnkckw0000gn/T/npm-4131-m7z65jlF/1439328453333-0.6449940442107618/tmp.tgz
119 verbose lock tar:///var/folders/3r/_81yrnsn67s_hbbcpsqnkckw0000gn/T/npm-4131-m7z65jlF/1439328453333-0.6449940442107618/tmp.tgz /Users/duane/.npm/d64ce65e-53333-0-6449940442107618-tmp-tgz.lock
120 silly gunzTarPerm modes [ '755', '644' ]
121 silly gunzTarPerm extractEntry
122 silly gunzTarPerm modified mode [ '', 509, 493 ]
123 silly gunzTarPerm extractEntry .gitignore
124 silly gunzTarPerm modified mode [ '.gitignore', 436, 420 ]
125 silly gunzTarPerm extractEntry README.md
126 silly gunzTarPerm modified mode [ 'README.md', 436, 420 ]
127 silly gunzTarPerm extractEntry layout.html
128 silly gunzTarPerm modified mode [ 'layout.html', 436, 420 ]
129 silly gunzTarPerm extractEntry package.json
130 silly gunzTarPerm modified mode [ 'package.json', 436, 420 ]
131 silly gunzTarPerm extractEntry polymer.html
132 silly gunzTarPerm modified mode [ 'polymer.html', 436, 420 ]
133 silly gunzTarPerm extractEntry polymer.js
134 silly gunzTarPerm modified mode [ 'polymer.js', 436, 420 ]
135 silly gunzTarPerm extractEntry polymer.js.map
136 silly gunzTarPerm modified mode [ 'polymer.js.map', 436, 420 ]
137 silly gunzTarPerm extractEntry polymer.min.js
138 silly gunzTarPerm modified mode [ 'polymer.min.js', 436, 420 ]
139 silly lockFile 95ff5ca1--6449940442107618-tmp-tgz-unpack tar:///var/folders/3r/_81yrnsn67s_hbbcpsqnkckw0000gn/T/npm-4131-m7z65jlF/1439328453333-0.6449940442107618/tmp.tgz-unpack
140 silly lockFile 95ff5ca1--6449940442107618-tmp-tgz-unpack tar:///var/folders/3r/_81yrnsn67s_hbbcpsqnkckw0000gn/T/npm-4131-m7z65jlF/1439328453333-0.6449940442107618/tmp.tgz-unpack
141 silly lockFile d64ce65e-53333-0-6449940442107618-tmp-tgz tar:///var/folders/3r/_81yrnsn67s_hbbcpsqnkckw0000gn/T/npm-4131-m7z65jlF/1439328453333-0.6449940442107618/tmp.tgz
142 silly lockFile d64ce65e-53333-0-6449940442107618-tmp-tgz tar:///var/folders/3r/_81yrnsn67s_hbbcpsqnkckw0000gn/T/npm-4131-m7z65jlF/1439328453333-0.6449940442107618/tmp.tgz
143 silly lockFile 7db8806a-thub-com-custom-elements-polymer git://github.com/custom-elements/polymer
144 silly lockFile 7db8806a-thub-com-custom-elements-polymer git://github.com/custom-elements/polymer
145 http 304 https://registry.npmjs.org/polymer-serve
146 silly registry.get cb [ 304,
146 silly registry.get   { date: 'Tue, 11 Aug 2015 21:27:16 GMT',
146 silly registry.get     via: '1.1 varnish',
146 silly registry.get     'cache-control': 'max-age=60',
146 silly registry.get     etag: '"C4QSY7R3Y53TZFA4NRF3VJJVU"',
146 silly registry.get     age: '0',
146 silly registry.get     connection: 'keep-alive',
146 silly registry.get     'x-served-by': 'cache-iad2126-IAD',
146 silly registry.get     'x-cache': 'HIT',
146 silly registry.get     'x-cache-hits': '1',
146 silly registry.get     'x-timer': 'S1439328436.113139,VS0,VE14',
146 silly registry.get     vary: 'Accept' } ]
147 verbose etag https://registry.npmjs.org/polymer-serve from cache
148 silly addNameRange number 2 { name: 'polymer-serve', range: '=0.0.37', hasData: true }
149 silly addNameRange versions [ 'polymer-serve',
149 silly addNameRange   [ '0.0.30',
149 silly addNameRange     '0.0.31',
149 silly addNameRange     '0.0.32',
149 silly addNameRange     '0.0.33',
149 silly addNameRange     '0.0.34',
149 silly addNameRange     '0.0.35',
149 silly addNameRange     '0.0.36' ] ]
150 silly lockFile 5a19592c-polymer-serve-0-0-37 polymer-serve@^0.0.37
151 silly lockFile 5a19592c-polymer-serve-0-0-37 polymer-serve@^0.0.37
152 error notarget No compatible version found: polymer-serve@'=0.0.37'
152 error notarget Valid install targets:
152 error notarget ["0.0.30","0.0.31","0.0.32","0.0.33","0.0.34","0.0.35","0.0.36"]
152 error notarget
152 error notarget This is most likely not a problem with npm itself.
152 error notarget In most cases you or one of your dependencies are requesting
152 error notarget a package version that doesn't exist.
153 error System Darwin 14.4.0
154 error command "/Users/duane/.nvm/v0.10.32/bin/node" "/Users/duane/.nvm/v0.10.32/bin/npm" "install"
155 error cwd /Users/duane/Development/ui-stats
156 error node -v v0.10.32
157 error npm -v 1.4.28
158 error code ETARGET
159 verbose exit [ 1, true ]
